[2025-11-02T07:39:26.642Z] 🚀 Phase 2: Semi-Automated Component Import Fixes [2025-11-02T07:39:26.657Z] 📁 Root:
C:\Users\james\Videos\deeds-web-app\sveltekit-frontend [2025-11-02T07:39:26.866Z] 📊 Found 1150 Svelte files
[2025-11-02T07:39:26.881Z] ✅ Fixed: src\lib\components\ai\AIChatWidget.svelte [2025-11-02T07:39:26.896Z] ✅ Fixed:
src\lib\components\ai\EnhancedAIAssistant.simple.svelte [2025-11-02T07:39:26.904Z] ✅ Fixed:
src\lib\components\ai\EnhancedAIChat.svelte [2025-11-02T07:39:26.926Z] ✅ Fixed:
src\lib\components\ai\EnhancedContextualChat.svelte [2025-11-02T07:39:26.930Z] ✅ Fixed:
src\lib\components\ai\EnhancedDocumentUploader.svelte [2025-11-02T07:39:26.934Z] ✅ Fixed:
src\lib\components\ai\EnhancedLegalAIChatWithSynthesis.svelte [2025-11-02T07:39:26.939Z] ✅ Fixed:
src\lib\components\ai\EnhancedVectorSearch.svelte [2025-11-02T07:39:26.951Z] ✅ Fixed:
src\lib\components\ai\LegalDocumentSummarizer.svelte [2025-11-02T07:39:26.958Z] ✅ Fixed:
src\lib\components\ai\PatternDetectionInterface.svelte [2025-11-02T07:39:26.969Z] ✅ Fixed:
src\lib\components\ai\RecommendationEngine.svelte [2025-11-02T07:39:26.972Z] ✅ Fixed:
src\lib\components\ai\SIMDGlyphDemo.svelte [2025-11-02T07:39:26.975Z] ✅ Fixed:
src\lib\components\ai\SimpleWorkingChat.svelte [2025-11-02T07:39:26.992Z] ✅ Fixed:
src\lib\components\auth\EnhancedAuthForm.svelte [2025-11-02T07:39:27.006Z] ✅ Fixed:
src\lib\components\auth\XStateAuthDemo.svelte [2025-11-02T07:39:27.038Z] ✅ Fixed:
src\lib\components\citations\CitationsManager.svelte [2025-11-02T07:39:27.053Z] ✅ Fixed:
src\lib\components\editor\LegalDocumentEditor.svelte [2025-11-02T07:39:27.056Z] ✅ Fixed:
src\lib\components\editor\ReportEditor.svelte [2025-11-02T07:39:27.077Z] ✅ Fixed:
src\lib\components\EnhancedLegalUploadAnalytics.svelte [2025-11-02T07:39:27.092Z] ✅ Fixed:
src\lib\components\forms\EnhancedDocumentUploadForm.svelte [2025-11-02T07:39:27.096Z] ✅ Fixed:
src\lib\components\forms\EnhancedFileUpload.svelte [2025-11-02T07:39:27.119Z] ✅ Fixed:
src\lib\components\legal\BriefEditor.svelte [2025-11-02T07:39:27.126Z] ✅ Fixed:
src\lib\components\legal\CitationManager.svelte [2025-11-02T07:39:27.129Z] ✅ Fixed:
src\lib\components\legal\ContractAnalyzer.svelte [2025-11-02T07:39:27.135Z] ✅ Fixed:
src\lib\components\legal\EvidenceManager.svelte [2025-11-02T07:39:27.144Z] ✅ Fixed:
src\lib\components\LegalAIChat.svelte [2025-11-02T07:39:27.151Z] ✅ Fixed:
src\lib\components\modals\AISummaryModal.svelte [2025-11-02T07:39:27.153Z] ✅ Fixed:
src\lib\components\modals\EvidenceAnalysisModal.svelte [2025-11-02T07:39:27.155Z] ✅ Fixed:
src\lib\components\modals\EvidenceUploadModal.svelte [2025-11-02T07:39:27.161Z] ✅ Fixed:
src\lib\components\notes\LegalNotesManager.svelte [2025-11-02T07:39:27.173Z] ✅ Fixed:
src\lib\components\search\InstantLegalSearch.svelte [2025-11-02T07:39:27.197Z] ✅ Fixed:
src\lib\components\ui\bits\HybridLegalAnalysis3D.svelte [2025-11-02T07:39:27.205Z] ✅ Fixed:
src\lib\components\ui\bits\LegalAIDashboard.svelte [2025-11-02T07:39:27.211Z] ✅ Fixed:
src\lib\components\ui\bits\LegalAIDemo.svelte [2025-11-02T07:39:27.227Z] ✅ Fixed:
src\lib\components\ui\bits\VectorIntelligenceDemo.svelte [2025-11-02T07:39:27.231Z] ✅ Fixed:
src\lib\components\ui\bits\WebAssemblyIntegrationDemo.svelte [2025-11-02T07:39:27.263Z] ✅ Fixed:
src\lib\components\ui\core\GamingEvidenceBoard.svelte [2025-11-02T07:39:27.273Z] ✅ Fixed:
src\lib\components\ui\dialog\BitsDialog.svelte [2025-11-02T07:39:27.315Z] ✅ Fixed:
src\lib\components\ui\modular\Button.svelte [2025-11-02T07:39:27.321Z] ✅ Fixed:
src\lib\components\ui\modular-dialog\ModularDialog.svelte [2025-11-02T07:39:27.353Z] ✅ Fixed:
src\lib\components\upload\FileUploadForm.svelte [2025-11-02T07:39:27.361Z] ✅ Fixed:
src\lib\components\vector\VectorIntelligenceDemo.svelte [2025-11-02T07:39:27.381Z] ✅ Fixed:
src\lib\components\yorha\YoRHaDialogManager.svelte [2025-11-02T07:39:27.392Z] ✅ Fixed:
src\lib\components\_archive\svelte4\CaseSummaryModal.svelte [2025-11-02T07:39:27.397Z] ✅ Fixed:
src\lib\components\_archive\svelte4\EnhancedAIAssistant.simple.svelte [2025-11-02T07:39:27.423Z] ✅ Fixed:
src\lib\components\_archive\test-demo\demo\VectorIntelligenceDemo.svelte [2025-11-02T07:39:27.437Z] ✅ Fixed:
src\lib\headless\FormField.svelte [2025-11-02T07:39:27.442Z] ✅ Fixed: src\lib\templates\EssentialRoutePage.svelte
[2025-11-02T07:39:27.463Z] ✅ Fixed: src\routes\(evidence)\workspace\+page.svelte [2025-11-02T07:39:27.477Z] ✅ Fixed:
src\routes\auth\logout\+page.svelte [2025-11-02T07:39:27.484Z] ✅ Fixed: src\routes\auth\test\+page.svelte
[2025-11-02T07:39:27.487Z] ✅ Fixed: src\routes\cache\redis-admin\+page.svelte [2025-11-02T07:39:27.490Z] ✅ Fixed:
src\routes\cuda-streaming\+page.svelte [2025-11-02T07:39:27.495Z] ✅ Fixed:
src\routes\demo\enhanced-bits-showcase\+page.svelte [2025-11-02T07:39:27.505Z] ✅ Fixed:
src\routes\dev\pgvector-test\+page.svelte [2025-11-02T07:39:27.513Z] ✅ Fixed: src\routes\evidence\analyze\+page.svelte
[2025-11-02T07:39:27.522Z] ✅ Fixed: src\routes\evidence-editor\+page.svelte [2025-11-02T07:39:27.537Z] ✅ Fixed:
src\routes\evidence-workspace\+page.svelte [2025-11-02T07:39:27.545Z] ✅ Fixed: src\routes\legal\+page.svelte
[2025-11-02T07:39:27.552Z] ✅ Fixed: src\routes\legal\case\evidence-gallery\+page.svelte [2025-11-02T07:39:27.562Z] ✅
Fixed: src\routes\legal\documents\+page.svelte [2025-11-02T07:39:27.610Z] ✅ Fixed: src\routes\poi-manager\+page.svelte
[2025-11-02T07:39:27.703Z] ✅ Fixed: src\routes\saved-citations\+page.svelte [2025-11-02T07:39:27.752Z] ✨ Phase 2
Complete: 62/1150 files modified [2025-11-02T07:39:27.766Z] 📝 Log:
C:\Users\james\Videos\deeds-web-app\sveltekit-frontend\agentic-error-resolution\logs\phase2-1762069166642.log
